<?xml version="1.0" encoding="UTF-8"?>
<testsuite name="com.example.webservice1.Webservice1ApplicationTests" tests="1" skipped="0" failures="0" errors="0" timestamp="2021-03-15T09:28:32" hostname="MADITAKE-PC" time="0.542">
  <properties/>
  <testcase name="contextLoads()" classname="com.example.webservice1.Webservice1ApplicationTests" time="0.542"/>
  <system-out><![CDATA[10:28:28.275 [Test worker] DEBUG org.springframework.test.context.BootstrapUtils - Instantiating CacheAwareContextLoaderDelegate from class [org.springframework.test.context.cache.DefaultCacheAwareContextLoaderDelegate]
10:28:28.296 [Test worker] DEBUG org.springframework.test.context.BootstrapUtils - Instantiating BootstrapContext using constructor [public org.springframework.test.context.support.DefaultBootstrapContext(java.lang.Class,org.springframework.test.context.CacheAwareContextLoaderDelegate)]
10:28:28.330 [Test worker] DEBUG org.springframework.test.context.BootstrapUtils - Instantiating TestContextBootstrapper for test class [com.example.webservice1.Webservice1ApplicationTests] from class [org.springframework.boot.test.context.SpringBootTestContextBootstrapper]
10:28:28.342 [Test worker] INFO org.springframework.boot.test.context.SpringBootTestContextBootstrapper - Neither @ContextConfiguration nor @ContextHierarchy found for test class [com.example.webservice1.Webservice1ApplicationTests], using SpringBootContextLoader
10:28:28.346 [Test worker] DEBUG org.springframework.test.context.support.AbstractContextLoader - Did not detect default resource location for test class [com.example.webservice1.Webservice1ApplicationTests]: class path resource [com/example/webservice1/Webservice1ApplicationTests-context.xml] does not exist
10:28:28.347 [Test worker] DEBUG org.springframework.test.context.support.AbstractContextLoader - Did not detect default resource location for test class [com.example.webservice1.Webservice1ApplicationTests]: class path resource [com/example/webservice1/Webservice1ApplicationTestsContext.groovy] does not exist
10:28:28.348 [Test worker] INFO org.springframework.test.context.support.AbstractContextLoader - Could not detect default resource locations for test class [com.example.webservice1.Webservice1ApplicationTests]: no resource found for suffixes {-context.xml, Context.groovy}.
10:28:28.348 [Test worker] INFO org.springframework.test.context.support.AnnotationConfigContextLoaderUtils - Could not detect default configuration classes for test class [com.example.webservice1.Webservice1ApplicationTests]: Webservice1ApplicationTests does not declare any static, non-private, non-final, nested classes annotated with @Configuration.
10:28:28.398 [Test worker] DEBUG org.springframework.test.context.support.ActiveProfilesUtils - Could not find an 'annotation declaring class' for annotation type [org.springframework.test.context.ActiveProfiles] and class [com.example.webservice1.Webservice1ApplicationTests]
10:28:28.480 [Test worker] DEBUG org.springframework.context.annotation.ClassPathScanningCandidateComponentProvider - Identified candidate component class: file [E:\EPSI Cours\Frameworks\webservice1\build\classes\java\main\com\example\webservice1\Webservice1Application.class]
10:28:28.482 [Test worker] INFO org.springframework.boot.test.context.SpringBootTestContextBootstrapper - Found @SpringBootConfiguration com.example.webservice1.Webservice1Application for test class com.example.webservice1.Webservice1ApplicationTests
10:28:28.630 [Test worker] DEBUG org.springframework.boot.test.context.SpringBootTestContextBootstrapper - @TestExecutionListeners is not present for class [com.example.webservice1.Webservice1ApplicationTests]: using defaults.
10:28:28.631 [Test worker] INFO org.springframework.boot.test.context.SpringBootTestContextBootstrapper - Loaded default TestExecutionListener class names from location [META-INF/spring.factories]: [org.springframework.boot.test.autoconfigure.restdocs.RestDocsTestExecutionListener, org.springframework.boot.test.autoconfigure.web.client.MockRestServiceServerResetTestExecutionListener, org.springframework.boot.test.autoconfigure.web.servlet.MockMvcPrintOnlyOnFailureTestExecutionListener, org.springframework.boot.test.autoconfigure.web.servlet.WebDriverTestExecutionListener, org.springframework.boot.test.autoconfigure.webservices.client.MockWebServiceServerTestExecutionListener, org.springframework.boot.test.mock.mockito.MockitoTestExecutionListener, org.springframework.boot.test.mock.mockito.ResetMocksTestExecutionListener, org.springframework.test.context.web.ServletTestExecutionListener, org.springframework.test.context.support.DirtiesContextBeforeModesTestExecutionListener, org.springframework.test.context.event.ApplicationEventsTestExecutionListener, org.springframework.test.context.support.DependencyInjectionTestExecutionListener, org.springframework.test.context.support.DirtiesContextTestExecutionListener, org.springframework.test.context.transaction.TransactionalTestExecutionListener, org.springframework.test.context.jdbc.SqlScriptsTestExecutionListener, org.springframework.test.context.event.EventPublishingTestExecutionListener]
10:28:28.644 [Test worker] DEBUG org.springframework.boot.test.context.SpringBootTestContextBootstrapper - Skipping candidate TestExecutionListener [org.springframework.test.context.transaction.TransactionalTestExecutionListener] due to a missing dependency. Specify custom listener classes or make the default listener classes and their required dependencies available. Offending class: [org/springframework/transaction/interceptor/TransactionAttributeSource]
10:28:28.645 [Test worker] DEBUG org.springframework.boot.test.context.SpringBootTestContextBootstrapper - Skipping candidate TestExecutionListener [org.springframework.test.context.jdbc.SqlScriptsTestExecutionListener] due to a missing dependency. Specify custom listener classes or make the default listener classes and their required dependencies available. Offending class: [org/springframework/transaction/interceptor/TransactionAttribute]
10:28:28.645 [Test worker] INFO org.springframework.boot.test.context.SpringBootTestContextBootstrapper - Using TestExecutionListeners: [org.springframework.test.context.web.ServletTestExecutionListener@562a5861, org.springframework.test.context.support.DirtiesContextBeforeModesTestExecutionListener@42ae9279, org.springframework.test.context.event.ApplicationEventsTestExecutionListener@16c97786, org.springframework.boot.test.mock.mockito.MockitoTestExecutionListener@61e16aea, org.springframework.boot.test.autoconfigure.SpringBootDependencyInjectionTestExecutionListener@650ccfe7, org.springframework.test.context.support.DirtiesContextTestExecutionListener@5307b465, org.springframework.test.context.event.EventPublishingTestExecutionListener@eaf9cc4, org.springframework.boot.test.autoconfigure.restdocs.RestDocsTestExecutionListener@64f311c1, org.springframework.boot.test.autoconfigure.web.client.MockRestServiceServerResetTestExecutionListener@6703894f, org.springframework.boot.test.autoconfigure.web.servlet.MockMvcPrintOnlyOnFailureTestExecutionListener@949bd56, org.springframework.boot.test.autoconfigure.web.servlet.WebDriverTestExecutionListener@7b725907, org.springframework.boot.test.autoconfigure.webservices.client.MockWebServiceServerTestExecutionListener@77322b1, org.springframework.boot.test.mock.mockito.ResetMocksTestExecutionListener@7c418ae1]
10:28:28.651 [Test worker] DEBUG org.springframework.test.context.support.AbstractDirtiesContextTestExecutionListener - Before test class: context [DefaultTestContext@12771433 testClass = Webservice1ApplicationTests, testInstance = [null], testMethod = [null], testException = [null], mergedContextConfiguration = [WebMergedContextConfiguration@4d247fe6 testClass = Webservice1ApplicationTests, locations = '{}', classes = '{class com.example.webservice1.Webservice1Application}', contextInitializerClasses = '[]', activeProfiles = '{}', propertySourceLocations = '{}', propertySourceProperties = '{org.springframework.boot.test.context.SpringBootTestContextBootstrapper=true}', contextCustomizers = set[org.springframework.boot.test.autoconfigure.actuate.metrics.MetricsExportContextCustomizerFactory$DisableMetricExportContextCustomizer@4bc6757a, org.springframework.boot.test.autoconfigure.properties.PropertyMappingContextCustomizer@0, org.springframework.boot.test.autoconfigure.web.servlet.WebDriverContextCustomizerFactory$Customizer@48f3ddd8, org.springframework.boot.test.context.filter.ExcludeFilterContextCustomizer@5ef4478b, org.springframework.boot.test.json.DuplicateJsonObjectContextCustomizerFactory$DuplicateJsonObjectContextCustomizer@459e1088, org.springframework.boot.test.mock.mockito.MockitoContextCustomizer@0, org.springframework.boot.test.web.client.TestRestTemplateContextCustomizer@6252e70a, org.springframework.boot.test.context.SpringBootTestArgs@1, org.springframework.boot.test.context.SpringBootTestWebEnvironment@43afeee3], resourceBasePath = 'src/main/webapp', contextLoader = 'org.springframework.boot.test.context.SpringBootContextLoader', parent = [null]], attributes = map['org.springframework.test.context.web.ServletTestExecutionListener.activateListener' -> true]], class annotated with @DirtiesContext [false] with mode [null].
10:28:28.703 [Test worker] DEBUG org.springframework.test.context.support.TestPropertySourceUtils - Adding inlined properties to environment: {spring.jmx.enabled=false, org.springframework.boot.test.context.SpringBootTestContextBootstrapper=true}

  .   ____          _            __ _ _
 /\\ / ___'_ __ _ _(_)_ __  __ _ \ \ \ \
( ( )\___ | '_ | '_| | '_ \/ _` | \ \ \ \
 \\/  ___)| |_)| | | | | || (_| |  ) ) ) )
  '  |____| .__|_| |_|_| |_\__, | / / / /
 =========|_|==============|___/=/_/_/_/
 :: Spring Boot ::                (v2.4.3)

2021-03-15 10:28:29.154  INFO 1928 --- [    Test worker] c.e.w.Webservice1ApplicationTests        : Starting Webservice1ApplicationTests using Java 14.0.1 on Maditake-PC with PID 1928 (started by Maditake in E:\EPSI Cours\Frameworks\webservice1)
2021-03-15 10:28:29.156  INFO 1928 --- [    Test worker] c.e.w.Webservice1ApplicationTests        : No active profile set, falling back to default profiles: default
2021-03-15 10:28:30.385  INFO 1928 --- [    Test worker] o.s.cloud.context.scope.GenericScope     : BeanFactory id=a7a04fa5-668a-339e-927f-7014053e6ef4
2021-03-15 10:28:31.159  INFO 1928 --- [    Test worker] o.s.s.concurrent.ThreadPoolTaskExecutor  : Initializing ExecutorService 'applicationTaskExecutor'
2021-03-15 10:28:31.762  INFO 1928 --- [    Test worker] DiscoveryClientOptionalArgsConfiguration : Eureka HTTP Client uses RestTemplate.
2021-03-15 10:28:32.037  WARN 1928 --- [    Test worker] iguration$LoadBalancerCaffeineWarnLogger : Spring Cloud LoadBalancer is currently working with the default cache. You can switch to using Caffeine cache, by adding it and org.springframework.cache.caffeine.CaffeineCacheManager to the classpath.
2021-03-15 10:28:32.069  INFO 1928 --- [    Test worker] o.s.c.n.eureka.InstanceInfoFactory       : Setting initial instance status as: STARTING
2021-03-15 10:28:32.200  INFO 1928 --- [    Test worker] com.netflix.discovery.DiscoveryClient    : Initializing Eureka in region us-east-1
2021-03-15 10:28:32.208  INFO 1928 --- [    Test worker] c.n.d.s.r.aws.ConfigClusterResolver      : Resolving eureka endpoints via configuration
2021-03-15 10:28:32.297  INFO 1928 --- [    Test worker] com.netflix.discovery.DiscoveryClient    : Disable delta property : false
2021-03-15 10:28:32.297  INFO 1928 --- [    Test worker] com.netflix.discovery.DiscoveryClient    : Single vip registry refresh property : null
2021-03-15 10:28:32.297  INFO 1928 --- [    Test worker] com.netflix.discovery.DiscoveryClient    : Force full registry fetch : false
2021-03-15 10:28:32.297  INFO 1928 --- [    Test worker] com.netflix.discovery.DiscoveryClient    : Application is null : false
2021-03-15 10:28:32.297  INFO 1928 --- [    Test worker] com.netflix.discovery.DiscoveryClient    : Registered Applications size is zero : true
2021-03-15 10:28:32.298  INFO 1928 --- [    Test worker] com.netflix.discovery.DiscoveryClient    : Application version is -1: true
2021-03-15 10:28:32.298  INFO 1928 --- [    Test worker] com.netflix.discovery.DiscoveryClient    : Getting all instance registry info from the eureka server
2021-03-15 10:28:32.548  INFO 1928 --- [    Test worker] com.netflix.discovery.DiscoveryClient    : The response status is 200
2021-03-15 10:28:32.551  INFO 1928 --- [    Test worker] com.netflix.discovery.DiscoveryClient    : Starting heartbeat executor: renew interval is: 30
2021-03-15 10:28:32.555  INFO 1928 --- [    Test worker] c.n.discovery.InstanceInfoReplicator     : InstanceInfoReplicator onDemand update allowed rate per min is 4
2021-03-15 10:28:32.562  INFO 1928 --- [    Test worker] com.netflix.discovery.DiscoveryClient    : Discovery Client initialized at timestamp 1615800512561 with initial instances count: 3
2021-03-15 10:28:32.567  INFO 1928 --- [    Test worker] o.s.c.n.e.s.EurekaServiceRegistry        : Registering application WEBSERVICE with eureka with status UP
2021-03-15 10:28:32.568  INFO 1928 --- [    Test worker] com.netflix.discovery.DiscoveryClient    : Saw local status change event StatusChangeEvent [timestamp=1615800512568, current=UP, previous=STARTING]
2021-03-15 10:28:32.571  INFO 1928 --- [nfoReplicator-0] com.netflix.discovery.DiscoveryClient    : DiscoveryClient_WEBSERVICE/host.docker.internal:webservice:8484: registering service...
2021-03-15 10:28:32.593  INFO 1928 --- [    Test worker] c.e.w.Webservice1ApplicationTests        : Started Webservice1ApplicationTests in 3.881 seconds (JVM running for 5.29)
2021-03-15 10:28:32.667  INFO 1928 --- [nfoReplicator-0] com.netflix.discovery.DiscoveryClient    : DiscoveryClient_WEBSERVICE/host.docker.internal:webservice:8484 - registration status: 204
]]></system-out>
  <system-err><![CDATA[]]></system-err>
</testsuite>
